TN:
SF:/Users/sammy/Projects/Badger/react.london/server/app.js
FN:24,(anonymous_2)
FNF:1
FNH:1
FNDA:1,(anonymous_2)
DA:1,1
DA:2,1
DA:3,1
DA:4,1
DA:5,1
DA:7,1
DA:9,1
DA:11,1
DA:12,1
DA:13,1
DA:15,1
DA:17,1
DA:18,0
DA:19,0
DA:20,0
DA:24,1
DA:26,1
DA:27,0
DA:30,1
LF:19
LH:15
BRDA:7,1,0,1
BRDA:7,1,1,0
BRDA:17,2,0,0
BRDA:17,2,1,1
BRDA:26,3,0,0
BRDA:26,3,1,1
BRF:6
BRH:3
end_of_record
TN:
SF:/Users/sammy/Projects/Badger/react.london/server/enforce-https.js
FN:1,enforceHTTPS
FN:2,(anonymous_2)
FNF:2
FNH:0
FNDA:0,enforceHTTPS
FNDA:0,(anonymous_2)
DA:2,0
DA:5,0
DA:6,0
DA:7,0
DA:8,0
DA:10,0
LF:6
LH:0
BRDA:7,1,0,0
BRDA:7,1,1,0
BRDA:7,2,0,0
BRDA:7,2,1,0
BRF:4
BRH:0
end_of_record
TN:
SF:/Users/sammy/Projects/Badger/react.london/server/data/index.js
FN:3,getSiteState
FN:4,(anonymous_3)
FNF:2
FNH:2
FNDA:2,getSiteState
FNDA:2,(anonymous_3)
DA:1,1
DA:4,2
LF:2
LH:2
BRF:0
BRH:0
end_of_record
TN:
SF:/Users/sammy/Projects/Badger/react.london/server/http-client/index.js
FN:1,checkStatus
FN:10,parseJSON
FN:14,post
FNF:3
FNH:3
FNDA:3,checkStatus
FNDA:2,parseJSON
FNDA:3,post
DA:2,3
DA:3,2
DA:5,1
DA:6,1
DA:7,1
DA:11,2
DA:14,3
DA:15,3
DA:19,3
DA:20,3
LF:10
LH:10
BRDA:2,1,0,2
BRDA:2,1,1,1
BRDA:2,2,0,3
BRDA:2,2,1,3
BRDA:14,3,0,0
BRDA:14,3,1,3
BRDA:14,4,0,3
BRDA:14,4,1,3
BRF:8
BRH:7
end_of_record
TN:
SF:/Users/sammy/Projects/Badger/react.london/server/http-client/test.js
FN:4,(anonymous_2)
FN:6,(anonymous_3)
FN:9,json
FN:12,(anonymous_5)
FN:14,fetchFn
FN:16,(anonymous_7)
FN:19,(anonymous_8)
FN:31,(anonymous_9)
FN:36,fetchFn
FN:36,(anonymous_11)
FN:38,(anonymous_12)
FN:46,(anonymous_13)
FN:47,fetchFn
FN:47,(anonymous_15)
FN:49,(anonymous_16)
FNF:15
FNH:15
FNDA:1,(anonymous_2)
FNDA:1,(anonymous_3)
FNDA:2,json
FNDA:1,(anonymous_5)
FNDA:1,fetchFn
FNDA:1,(anonymous_7)
FNDA:1,(anonymous_8)
FNDA:1,(anonymous_9)
FNDA:1,fetchFn
FNDA:1,(anonymous_11)
FNDA:1,(anonymous_12)
FNDA:1,(anonymous_13)
FNDA:1,fetchFn
FNDA:1,(anonymous_15)
FNDA:1,(anonymous_16)
DA:1,1
DA:3,1
DA:4,1
DA:6,1
DA:7,1
DA:9,2
DA:12,1
DA:13,1
DA:14,2
DA:15,1
DA:16,1
DA:18,1
DA:20,1
DA:21,1
DA:22,1
DA:26,1
DA:31,1
DA:32,1
DA:36,1
DA:37,1
DA:39,1
DA:40,1
DA:41,1
DA:46,1
DA:47,1
DA:48,1
DA:50,1
DA:51,1
LF:28
LH:28
BRF:0
BRH:0
end_of_record
TN:
SF:/Users/sammy/Projects/Badger/react.london/server/router/index.js
FN:10,sendSite
FN:11,(anonymous_3)
FN:21,(anonymous_4)
FN:26,router
FN:28,(anonymous_6)
FNF:5
FNH:4
FNDA:2,sendSite
FNDA:2,(anonymous_3)
FNDA:0,(anonymous_4)
FNDA:3,router
FNDA:3,(anonymous_6)
DA:1,1
DA:2,1
DA:3,1
DA:4,1
DA:5,1
DA:6,1
DA:7,1
DA:8,1
DA:11,2
DA:12,2
DA:13,2
DA:14,2
DA:19,2
DA:22,0
DA:27,3
DA:28,3
DA:29,3
DA:30,0
DA:32,3
DA:33,1
DA:35,2
DA:36,2
DA:38,0
LF:23
LH:20
BRDA:29,1,0,0
BRDA:29,1,1,3
BRDA:32,2,0,1
BRDA:32,2,1,2
BRDA:35,3,0,2
BRDA:35,3,1,0
BRF:6
BRH:4
end_of_record
TN:
SF:/Users/sammy/Projects/Badger/react.london/server/router/test.js
FN:4,(anonymous_2)
FN:5,(anonymous_3)
FN:13,(anonymous_4)
FN:14,(anonymous_5)
FN:23,(anonymous_6)
FN:24,(anonymous_7)
FN:32,(anonymous_8)
FN:33,(anonymous_9)
FNF:8
FNH:8
FNDA:1,(anonymous_2)
FNDA:1,(anonymous_3)
FNDA:1,(anonymous_4)
FNDA:1,(anonymous_5)
FNDA:1,(anonymous_6)
FNDA:1,(anonymous_7)
FNDA:1,(anonymous_8)
FNDA:1,(anonymous_9)
DA:1,1
DA:2,1
DA:4,1
DA:5,1
DA:6,1
DA:13,1
DA:14,1
DA:15,1
DA:23,1
DA:24,1
DA:25,1
DA:32,1
DA:33,1
DA:34,1
LF:14
LH:14
BRF:0
BRH:0
end_of_record
TN:
SF:/Users/sammy/Projects/Badger/react.london/shared/components/Community/index.js
FN:11,Community
FNF:1
FNH:1
FNDA:3,Community
DA:1,1
DA:2,1
DA:3,1
DA:4,1
DA:5,1
DA:6,1
DA:7,1
DA:8,1
DA:9,1
DA:11,12
DA:30,1
LF:11
LH:11
BRF:0
BRH:0
end_of_record
TN:
SF:/Users/sammy/Projects/Badger/react.london/shared/components/Community/test.js
FN:5,(anonymous_2)
FN:6,(anonymous_3)
FN:48,(anonymous_4)
FNF:3
FNH:3
FNDA:1,(anonymous_2)
FNDA:1,(anonymous_3)
FNDA:1,(anonymous_4)
DA:1,1
DA:2,1
DA:3,1
DA:5,1
DA:6,1
DA:7,1
DA:45,1
DA:48,1
DA:49,1
DA:60,1
LF:10
LH:10
BRF:0
BRH:0
end_of_record
TN:
SF:/Users/sammy/Projects/Badger/react.london/shared/components/CommunityAbout/index.js
FN:3,CommunityAbout
FNF:1
FNH:1
FNDA:2,CommunityAbout
DA:1,1
DA:3,4
DA:18,1
LF:3
LH:3
BRF:0
BRH:0
end_of_record
TN:
SF:/Users/sammy/Projects/Badger/react.london/shared/components/CommunityAbout/test.js
FN:5,setup
FN:13,(anonymous_3)
FN:14,(anonymous_4)
FNF:3
FNH:3
FNDA:1,setup
FNDA:1,(anonymous_3)
FNDA:1,(anonymous_4)
DA:1,1
DA:2,1
DA:3,1
DA:5,1
DA:6,1
DA:9,1
DA:10,1
DA:13,1
DA:14,2
DA:16,1
LF:10
LH:10
BRF:0
BRH:0
end_of_record
TN:
SF:/Users/sammy/Projects/Badger/react.london/shared/components/Conference/index.js
FN:11,Conference
FNF:1
FNH:1
FNDA:2,Conference
DA:1,1
DA:2,1
DA:3,1
DA:4,1
DA:5,1
DA:6,1
DA:7,1
DA:8,1
DA:9,1
DA:11,2
LF:10
LH:10
BRF:0
BRH:0
end_of_record
TN:
SF:/Users/sammy/Projects/Badger/react.london/shared/components/Conference/test.js
FN:5,(anonymous_2)
FN:6,(anonymous_3)
FNF:2
FNH:2
FNDA:1,(anonymous_2)
FNDA:1,(anonymous_3)
DA:1,1
DA:2,1
DA:3,1
DA:5,1
DA:6,1
DA:7,1
LF:6
LH:6
BRF:0
BRH:0
end_of_record
TN:
SF:/Users/sammy/Projects/Badger/react.london/shared/components/ConferenceAbout/index.js
FN:3,ConferenceAbout
FNF:1
FNH:1
FNDA:1,ConferenceAbout
DA:1,1
DA:3,1
LF:2
LH:2
BRF:0
BRH:0
end_of_record
TN:
SF:/Users/sammy/Projects/Badger/react.london/shared/components/EventSchedule/index.js
FN:4,EventSchedule
FN:9,(anonymous_4)
FNF:2
FNH:2
FNDA:2,EventSchedule
FNDA:2,(anonymous_4)
DA:1,1
DA:2,1
DA:4,4
DA:9,2
DA:17,1
LF:5
LH:5
BRDA:9,1,0,2
BRDA:9,1,1,1
BRF:2
BRH:2
end_of_record
TN:
SF:/Users/sammy/Projects/Badger/react.london/shared/components/EventSchedule/test.js
FN:5,(anonymous_2)
FN:6,(anonymous_3)
FN:16,(anonymous_4)
FNF:3
FNH:3
FNDA:1,(anonymous_2)
FNDA:1,(anonymous_3)
FNDA:1,(anonymous_4)
DA:1,1
DA:2,1
DA:3,1
DA:5,1
DA:6,1
DA:7,1
DA:13,1
DA:16,1
DA:17,1
LF:9
LH:9
BRF:0
BRH:0
end_of_record
TN:
SF:/Users/sammy/Projects/Badger/react.london/shared/components/EventSponsors/index.js
FN:4,EventSponsors
FN:8,(anonymous_4)
FNF:2
FNH:2
FNDA:2,EventSponsors
FNDA:2,(anonymous_4)
DA:1,1
DA:2,1
DA:4,4
DA:8,2
DA:15,1
LF:5
LH:5
BRDA:8,1,0,2
BRDA:8,1,1,1
BRF:2
BRH:2
end_of_record
TN:
SF:/Users/sammy/Projects/Badger/react.london/shared/components/EventSponsors/test.js
FN:5,(anonymous_2)
FN:6,(anonymous_3)
FN:16,(anonymous_4)
FNF:3
FNH:3
FNDA:1,(anonymous_2)
FNDA:1,(anonymous_3)
FNDA:1,(anonymous_4)
DA:1,1
DA:2,1
DA:3,1
DA:5,1
DA:6,1
DA:7,1
DA:13,1
DA:16,1
DA:17,1
LF:9
LH:9
BRF:0
BRH:0
end_of_record
TN:
SF:/Users/sammy/Projects/Badger/react.london/shared/components/Hero/index.js
FN:3,Hero
FNF:1
FNH:1
FNDA:5,Hero
DA:1,1
DA:3,10
DA:19,1
LF:3
LH:3
BRF:0
BRH:0
end_of_record
TN:
SF:/Users/sammy/Projects/Badger/react.london/shared/components/Hero/test.js
FN:5,setup
FN:13,(anonymous_3)
FN:14,(anonymous_4)
FN:21,(anonymous_5)
FN:28,(anonymous_6)
FNF:5
FNH:5
FNDA:3,setup
FNDA:1,(anonymous_3)
FNDA:1,(anonymous_4)
FNDA:1,(anonymous_5)
FNDA:1,(anonymous_6)
DA:1,1
DA:2,1
DA:3,1
DA:5,3
DA:6,3
DA:9,3
DA:10,3
DA:13,1
DA:14,2
DA:15,1
DA:17,1
DA:18,1
DA:21,2
DA:22,1
DA:24,1
DA:25,1
DA:28,2
DA:29,1
DA:31,1
DA:32,1
DA:33,1
LF:21
LH:21
BRF:0
BRH:0
end_of_record
TN:
SF:/Users/sammy/Projects/Badger/react.london/shared/components/JoinSlack/index.js
FN:3,JoinSlack
FNF:1
FNH:1
FNDA:2,JoinSlack
DA:1,1
DA:3,2
LF:2
LH:2
BRF:0
BRH:0
end_of_record
TN:
SF:/Users/sammy/Projects/Badger/react.london/shared/components/JoinSlack/test.js
FN:5,(anonymous_2)
FN:6,(anonymous_3)
FNF:2
FNH:2
FNDA:1,(anonymous_2)
FNDA:1,(anonymous_3)
DA:1,1
DA:2,1
DA:3,1
DA:5,1
DA:6,1
DA:7,1
LF:6
LH:6
BRF:0
BRH:0
end_of_record
TN:
SF:/Users/sammy/Projects/Badger/react.london/shared/components/Layout/index.js
FN:3,Layout
FNF:1
FNH:1
FNDA:2,Layout
DA:1,1
DA:3,4
DA:9,1
LF:3
LH:3
BRF:0
BRH:0
end_of_record
TN:
SF:/Users/sammy/Projects/Badger/react.london/shared/components/MailingList/index.js
FN:6,MailingList
FNF:1
FNH:1
FNDA:8,MailingList
DA:1,1
DA:3,1
DA:6,32
DA:51,1
LF:4
LH:4
BRF:0
BRH:0
end_of_record
TN:
SF:/Users/sammy/Projects/Badger/react.london/shared/components/MailingList/test.js
FN:11,setup
FN:19,(anonymous_4)
FN:20,(anonymous_5)
FN:26,(anonymous_6)
FN:32,(anonymous_7)
FN:41,(anonymous_8)
FN:47,(anonymous_9)
FNF:7
FNH:7
FNDA:6,setup
FNDA:1,(anonymous_4)
FNDA:1,(anonymous_5)
FNDA:1,(anonymous_6)
FNDA:1,(anonymous_7)
FNDA:1,(anonymous_8)
FNDA:1,(anonymous_9)
DA:1,1
DA:2,1
DA:3,1
DA:5,1
DA:11,6
DA:12,6
DA:15,6
DA:16,6
DA:19,1
DA:20,2
DA:22,1
DA:23,1
DA:26,2
DA:28,1
DA:29,1
DA:32,2
DA:34,1
DA:35,1
DA:36,1
DA:37,1
DA:38,1
DA:41,2
DA:43,1
DA:44,1
DA:47,2
DA:49,1
DA:50,1
LF:27
LH:27
BRF:0
BRH:0
end_of_record
TN:
SF:/Users/sammy/Projects/Badger/react.london/shared/components/NavigationBar/index.js
FN:4,NavigationBar
FNF:1
FNH:1
FNDA:5,NavigationBar
DA:1,1
DA:2,1
DA:4,10
DA:17,1
LF:4
LH:4
BRF:0
BRH:0
end_of_record
TN:
SF:/Users/sammy/Projects/Badger/react.london/shared/components/NavigationBar/test.js
FN:5,(anonymous_2)
FN:6,(anonymous_3)
FN:11,(anonymous_4)
FNF:3
FNH:3
FNDA:1,(anonymous_2)
FNDA:1,(anonymous_3)
FNDA:1,(anonymous_4)
DA:1,1
DA:2,1
DA:3,1
DA:5,1
DA:6,1
DA:7,1
DA:8,1
DA:11,1
DA:12,1
DA:13,1
DA:14,1
DA:15,1
LF:12
LH:12
BRF:0
BRH:0
end_of_record
TN:
SF:/Users/sammy/Projects/Badger/react.london/shared/components/NextCommunityEvent/index.js
FN:5,formatDate
FN:17,NextCommunityEvent
FNF:2
FNH:2
FNDA:9,formatDate
FNDA:3,NextCommunityEvent
DA:1,1
DA:2,1
DA:3,1
DA:6,9
DA:7,6
DA:11,1
DA:15,1
DA:17,18
DA:76,1
DA:80,1
LF:10
LH:10
BRDA:6,1,0,6
BRDA:6,1,1,3
BRDA:6,2,0,9
BRDA:6,2,1,6
BRF:4
BRH:4
end_of_record
TN:
SF:/Users/sammy/Projects/Badger/react.london/shared/components/NextCommunityEvent/test.js
FN:16,(anonymous_2)
FN:17,(anonymous_3)
FN:21,(anonymous_4)
FNF:3
FNH:3
FNDA:1,(anonymous_2)
FNDA:1,(anonymous_3)
FNDA:1,(anonymous_4)
DA:1,1
DA:2,1
DA:3,1
DA:5,1
DA:16,1
DA:17,1
DA:18,1
DA:21,1
DA:22,1
LF:9
LH:9
BRF:0
BRH:0
end_of_record
TN:
SF:/Users/sammy/Projects/Badger/react.london/shared/components/NextConferenceEvent/index.js
FN:9,NextConferenceEvent
FNF:1
FNH:1
FNDA:2,NextConferenceEvent
DA:1,1
DA:3,1
DA:7,1
DA:9,2
LF:4
LH:4
BRF:0
BRH:0
end_of_record
TN:
SF:/Users/sammy/Projects/Badger/react.london/shared/components/NextConferenceEvent/test.js
FN:5,(anonymous_2)
FN:6,(anonymous_3)
FNF:2
FNH:2
FNDA:1,(anonymous_2)
FNDA:1,(anonymous_3)
DA:1,1
DA:2,1
DA:3,1
DA:5,1
DA:6,1
DA:7,1
DA:14,1
LF:7
LH:7
BRF:0
BRH:0
end_of_record
TN:
SF:/Users/sammy/Projects/Badger/react.london/shared/components/RedBadgerBanner/index.js
FN:3,RedBadgerBanner
FNF:1
FNH:1
FNDA:3,RedBadgerBanner
DA:1,1
DA:3,3
LF:2
LH:2
BRF:0
BRH:0
end_of_record
TN:
SF:/Users/sammy/Projects/Badger/react.london/shared/components/RedBadgerBanner/test.js
FN:5,(anonymous_2)
FN:6,(anonymous_3)
FNF:2
FNH:2
FNDA:1,(anonymous_2)
FNDA:1,(anonymous_3)
DA:1,1
DA:2,1
DA:3,1
DA:5,1
DA:6,1
DA:7,1
LF:6
LH:6
BRF:0
BRH:0
end_of_record
TN:
SF:/Users/sammy/Projects/Badger/react.london/shared/components/ScheduleItem/index.js
FN:3,ScheduleItem
FNF:1
FNH:1
FNDA:1,ScheduleItem
DA:1,1
DA:3,3
DA:13,1
LF:3
LH:3
BRF:0
BRH:0
end_of_record
TN:
SF:/Users/sammy/Projects/Badger/react.london/shared/components/ScheduleItem/test.js
FN:5,(anonymous_2)
FN:6,(anonymous_3)
FNF:2
FNH:2
FNDA:1,(anonymous_2)
FNDA:1,(anonymous_3)
DA:1,1
DA:2,1
DA:3,1
DA:5,1
DA:6,1
DA:7,1
DA:11,1
LF:7
LH:7
BRF:0
BRH:0
end_of_record
TN:
SF:/Users/sammy/Projects/Badger/react.london/shared/components/ShareYourIdeas/index.js
FN:3,ShareYourIdeas
FNF:1
FNH:1
FNDA:2,ShareYourIdeas
DA:1,1
DA:3,2
LF:2
LH:2
BRF:0
BRH:0
end_of_record
TN:
SF:/Users/sammy/Projects/Badger/react.london/shared/components/ShareYourIdeas/test.js
FN:5,(anonymous_2)
FN:6,(anonymous_3)
FNF:2
FNH:2
FNDA:1,(anonymous_2)
FNDA:1,(anonymous_3)
DA:1,1
DA:2,1
DA:3,1
DA:5,1
DA:6,1
DA:7,1
LF:6
LH:6
BRF:0
BRH:0
end_of_record
TN:
SF:/Users/sammy/Projects/Badger/react.london/shared/components/SiteFooter/index.js
FN:3,SiteFooter
FNF:1
FNH:1
FNDA:3,SiteFooter
DA:1,1
DA:3,3
LF:2
LH:2
BRF:0
BRH:0
end_of_record
TN:
SF:/Users/sammy/Projects/Badger/react.london/shared/components/SiteFooter/test.js
FN:5,(anonymous_2)
FN:6,(anonymous_3)
FNF:2
FNH:2
FNDA:1,(anonymous_2)
FNDA:1,(anonymous_3)
DA:1,1
DA:2,1
DA:3,1
DA:5,1
DA:6,1
DA:7,1
LF:6
LH:6
BRF:0
BRH:0
end_of_record
TN:
SF:/Users/sammy/Projects/Badger/react.london/shared/components/Speaker/index.js
FN:3,IconLink
FN:20,Speaker
FNF:2
FNH:2
FNDA:9,IconLink
FNDA:5,Speaker
DA:1,1
DA:3,27
DA:4,9
DA:5,6
DA:14,1
DA:20,1
DA:27,30
DA:28,5
DA:52,1
LF:9
LH:9
BRDA:4,1,0,3
BRDA:4,1,1,6
BRF:2
BRH:2
end_of_record
TN:
SF:/Users/sammy/Projects/Badger/react.london/shared/components/Speaker/test.js
FN:6,(anonymous_2)
FN:7,(anonymous_3)
FN:17,(anonymous_4)
FNF:3
FNH:3
FNDA:1,(anonymous_2)
FNDA:1,(anonymous_3)
FNDA:1,(anonymous_4)
DA:1,1
DA:2,1
DA:3,1
DA:6,1
DA:7,1
DA:8,1
DA:14,1
DA:17,1
DA:18,1
DA:27,1
LF:10
LH:10
BRF:0
BRH:0
end_of_record
TN:
SF:/Users/sammy/Projects/Badger/react.london/shared/components/Sponsor/index.js
FN:3,Sponsor
FNF:1
FNH:1
FNDA:1,Sponsor
DA:1,1
DA:3,3
DA:14,1
LF:3
LH:3
BRF:0
BRH:0
end_of_record
TN:
SF:/Users/sammy/Projects/Badger/react.london/shared/components/Sponsor/test.js
FN:6,(anonymous_2)
FN:7,(anonymous_3)
FNF:2
FNH:2
FNDA:1,(anonymous_2)
FNDA:1,(anonymous_3)
DA:1,1
DA:2,1
DA:3,1
DA:6,1
DA:7,1
DA:8,1
DA:12,1
LF:7
LH:7
BRF:0
BRH:0
end_of_record
TN:
SF:/Users/sammy/Projects/Badger/react.london/shared/components/Talks/index.js
FN:5,Talks
FN:11,(anonymous_3)
FNF:2
FNH:2
FNDA:3,Talks
FNDA:5,(anonymous_3)
DA:1,1
DA:2,1
DA:3,1
DA:5,6
DA:12,5
DA:13,5
DA:25,1
LF:7
LH:7
BRDA:11,1,0,3
BRDA:11,1,1,2
BRF:2
BRH:2
end_of_record
TN:
SF:/Users/sammy/Projects/Badger/react.london/shared/components/Talks/test.js
FN:5,(anonymous_2)
FN:6,(anonymous_3)
FN:13,(anonymous_4)
FNF:3
FNH:3
FNDA:1,(anonymous_2)
FNDA:1,(anonymous_3)
FNDA:1,(anonymous_4)
DA:1,1
DA:2,1
DA:3,1
DA:5,1
DA:6,1
DA:7,1
DA:10,1
DA:13,1
DA:14,1
LF:9
LH:9
BRF:0
BRH:0
end_of_record
TN:
SF:/Users/sammy/Projects/Badger/react.london/shared/components/UpcomingEvent/index.js
FN:3,UpcomingEvent
FNF:1
FNH:1
FNDA:1,UpcomingEvent
DA:1,1
DA:3,5
DA:20,1
LF:3
LH:3
BRF:0
BRH:0
end_of_record
TN:
SF:/Users/sammy/Projects/Badger/react.london/shared/components/UpcomingEvent/test.js
FN:5,(anonymous_2)
FN:6,(anonymous_3)
FNF:2
FNH:2
FNDA:1,(anonymous_2)
FNDA:1,(anonymous_3)
DA:1,1
DA:2,1
DA:3,1
DA:5,1
DA:6,1
DA:7,1
DA:16,1
LF:7
LH:7
BRF:0
BRH:0
end_of_record
TN:
SF:/Users/sammy/Projects/Badger/react.london/shared/components/UpcomingEvents/index.js
FN:4,UpcomingEvents
FN:10,(anonymous_4)
FNF:2
FNH:2
FNDA:2,UpcomingEvents
FNDA:1,(anonymous_4)
DA:1,1
DA:2,1
DA:4,4
DA:10,1
DA:17,1
LF:5
LH:5
BRDA:10,1,0,2
BRDA:10,1,1,2
BRF:2
BRH:2
end_of_record
TN:
SF:/Users/sammy/Projects/Badger/react.london/shared/components/UpcomingEvents/test.js
FN:5,(anonymous_2)
FN:6,(anonymous_3)
FN:21,(anonymous_4)
FNF:3
FNH:3
FNDA:1,(anonymous_2)
FNDA:1,(anonymous_3)
FNDA:1,(anonymous_4)
DA:1,1
DA:2,1
DA:3,1
DA:5,1
DA:6,1
DA:7,1
DA:17,1
DA:18,1
DA:21,1
DA:22,1
DA:23,1
LF:11
LH:11
BRF:0
BRH:0
end_of_record
TN:
SF:/Users/sammy/Projects/Badger/react.london/shared/components/routes/index.js
FNF:0
FNH:0
DA:1,1
DA:2,1
DA:4,1
DA:5,1
DA:6,1
LF:5
LH:5
BRF:0
BRH:0
end_of_record
TN:
SF:/Users/sammy/Projects/Badger/react.london/shared/containers/Community/index.js
FN:4,mapStateToProps
FNF:1
FNH:1
FNDA:3,mapStateToProps
DA:1,1
DA:2,1
DA:4,1
DA:5,3
LF:4
LH:4
BRDA:5,1,0,3
BRDA:5,1,1,1
BRF:2
BRH:2
end_of_record
TN:
SF:/Users/sammy/Projects/Badger/react.london/shared/containers/Community/test.js
FN:3,(anonymous_1)
FN:10,(anonymous_2)
FN:16,(anonymous_3)
FNF:3
FNH:3
FNDA:1,(anonymous_1)
FNDA:1,(anonymous_2)
FNDA:1,(anonymous_3)
DA:1,1
DA:3,1
DA:4,1
DA:10,1
DA:11,1
DA:16,1
DA:17,1
LF:7
LH:7
BRF:0
BRH:0
end_of_record
TN:
SF:/Users/sammy/Projects/Badger/react.london/shared/containers/NextCommunityEvent/index.js
FN:9,mapStateToProps
FNF:1
FNH:1
FNDA:5,mapStateToProps
DA:1,1
DA:2,1
DA:3,1
DA:5,1
DA:9,1
DA:10,5
DA:11,5
LF:7
LH:7
BRF:0
BRH:0
end_of_record
TN:
SF:/Users/sammy/Projects/Badger/react.london/shared/containers/NextCommunityEvent/test.js
FN:4,(anonymous_2)
FN:9,(anonymous_3)
FN:14,(anonymous_4)
FN:19,(anonymous_5)
FN:24,(anonymous_6)
FNF:5
FNH:5
FNDA:1,(anonymous_2)
FNDA:1,(anonymous_3)
FNDA:1,(anonymous_4)
FNDA:1,(anonymous_5)
FNDA:1,(anonymous_6)
DA:1,1
DA:2,1
DA:4,1
DA:5,1
DA:9,1
DA:10,1
DA:11,1
DA:14,1
DA:15,1
DA:16,1
DA:19,1
DA:20,1
DA:21,1
DA:24,1
DA:25,1
DA:26,1
LF:16
LH:16
BRF:0
BRH:0
end_of_record
TN:
SF:/Users/sammy/Projects/Badger/react.london/shared/reducers/index.js
FNF:0
FNH:0
DA:1,1
DA:3,1
DA:5,1
LF:3
LH:3
BRF:0
BRH:0
end_of_record
TN:
SF:/Users/sammy/Projects/Badger/react.london/shared/reducers/community/index.js
FN:1,community
FNF:1
FNH:1
FNDA:5,community
DA:1,10
DA:2,5
DA:4,5
LF:3
LH:3
BRDA:1,1,0,3
BRDA:1,1,1,2
BRDA:1,2,0,5
BRDA:1,2,1,5
BRDA:3,3,0,5
BRF:5
BRH:5
end_of_record
TN:
SF:/Users/sammy/Projects/Badger/react.london/shared/reducers/community/test.js
FN:4,(anonymous_2)
FN:5,(anonymous_3)
FNF:2
FNH:2
FNDA:1,(anonymous_2)
FNDA:1,(anonymous_3)
DA:1,1
DA:2,1
DA:4,1
DA:5,1
DA:6,1
DA:7,1
DA:8,1
LF:7
LH:7
BRF:0
BRH:0
end_of_record
